<?xml version="1.0" encoding="UTF-8"?>
<!-- Generated by org.testng.reporters.JUnitReportReporter -->
<testsuite hostname="TPLWAW-DWX-0082" failures="0" tests="8" name="testpackage.Challenges" time="13.577" errors="0" timestamp="2022-11-08T14:14:02 CET" skipped="0">
  <testcase classname="testpackage.Challenges" name="verifyHomePageTitle" time="0.174"/>
  <system-out/>
  <testcase classname="testpackage.Challenges" name="verifyABTestingPageHeader" time="0.403"/>
  <system-out/>
  <testcase classname="testpackage.Challenges" name="verifyElements" time="0.431"/>
  <system-out/>
  <testcase classname="testpackage.Challenges" name="verifyAlertText" time="0.541"/>
  <system-out/>
  <testcase classname="testpackage.Challenges" name="verifyGalleryButtonVisibility" time="0.463"/>
  <system-out/>
  <testcase classname="testpackage.Challenges" name="verifyDynamicControls" time="10.030"/>
  <system-out/>
  <testcase classname="testpackage.Challenges" name="verifyFileUpload" time="0.957"/>
  <system-out/>
  <testcase classname="testpackage.Challenges" name="verifyMultipleTabs" time="0.578"/>
  <system-out/>
</testsuite> <!-- testpackage.Challenges -->
